<?xml version="1.0" encoding="UTF-8"?>
<testsuite name="com.yjeom.book.springboot.web.IndexControllerTest" tests="1" skipped="0" failures="0" errors="0" timestamp="2020-02-25T05:10:53" hostname="DESKTOP-OIMMU83" time="0.466">
  <properties/>
  <testcase name="메인페이지_로딩" classname="com.yjeom.book.springboot.web.IndexControllerTest" time="0.466"/>
  <system-out><![CDATA[2020-02-25 14:10:45.984  INFO 10960 --- [    Test worker] .b.t.c.SpringBootTestContextBootstrapper : Neither @ContextConfiguration nor @ContextHierarchy found for test class [com.yjeom.book.springboot.web.IndexControllerTest], using SpringBootContextLoader
2020-02-25 14:10:45.985  INFO 10960 --- [    Test worker] o.s.t.c.support.AbstractContextLoader    : Could not detect default resource locations for test class [com.yjeom.book.springboot.web.IndexControllerTest]: no resource found for suffixes {-context.xml, Context.groovy}.
2020-02-25 14:10:45.986  INFO 10960 --- [    Test worker] t.c.s.AnnotationConfigContextLoaderUtils : Could not detect default configuration classes for test class [com.yjeom.book.springboot.web.IndexControllerTest]: IndexControllerTest does not declare any static, non-private, non-final, nested classes annotated with @Configuration.
2020-02-25 14:10:45.996  INFO 10960 --- [    Test worker] .b.t.c.SpringBootTestContextBootstrapper : Found @SpringBootConfiguration com.yjeom.book.springboot.Application for test class com.yjeom.book.springboot.web.IndexControllerTest
2020-02-25 14:10:45.999  INFO 10960 --- [    Test worker] .b.t.c.SpringBootTestContextBootstrapper : Loaded default TestExecutionListener class names from location [META-INF/spring.factories]: [org.springframework.security.test.context.support.WithSecurityContextTestExecutionListener, org.springframework.security.test.context.support.ReactorContextTestExecutionListener, org.springframework.boot.test.autoconfigure.restdocs.RestDocsTestExecutionListener, org.springframework.boot.test.autoconfigure.web.client.MockRestServiceServerResetTestExecutionListener, org.springframework.boot.test.autoconfigure.web.servlet.MockMvcPrintOnlyOnFailureTestExecutionListener, org.springframework.boot.test.autoconfigure.web.servlet.WebDriverTestExecutionListener, org.springframework.boot.test.mock.mockito.MockitoTestExecutionListener, org.springframework.boot.test.mock.mockito.ResetMocksTestExecutionListener, org.springframework.test.context.web.ServletTestExecutionListener, org.springframework.test.context.support.DirtiesContextBeforeModesTestExecutionListener, org.springframework.test.context.support.DependencyInjectionTestExecutionListener, org.springframework.test.context.support.DirtiesContextTestExecutionListener, org.springframework.test.context.transaction.TransactionalTestExecutionListener, org.springframework.test.context.jdbc.SqlScriptsTestExecutionListener]
2020-02-25 14:10:46.001  INFO 10960 --- [    Test worker] .b.t.c.SpringBootTestContextBootstrapper : Using TestExecutionListeners: [org.springframework.test.context.web.ServletTestExecutionListener@6981e7ef, org.springframework.test.context.support.DirtiesContextBeforeModesTestExecutionListener@4a5e769d, org.springframework.boot.test.mock.mockito.MockitoTestExecutionListener@4897ee5e, org.springframework.boot.test.autoconfigure.SpringBootDependencyInjectionTestExecutionListener@4c4c5f4a, org.springframework.test.context.support.DirtiesContextTestExecutionListener@2a9467b3, org.springframework.test.context.transaction.TransactionalTestExecutionListener@13c706e2, org.springframework.test.context.jdbc.SqlScriptsTestExecutionListener@6455ffda, org.springframework.security.test.context.support.WithSecurityContextTestExecutionListener@4a4d4a15, org.springframework.security.test.context.support.ReactorContextTestExecutionListener@43ed0510, org.springframework.boot.test.autoconfigure.restdocs.RestDocsTestExecutionListener@6836fb99, org.springframework.boot.test.autoconfigure.web.client.MockRestServiceServerResetTestExecutionListener@2356626a, org.springframework.boot.test.autoconfigure.web.servlet.MockMvcPrintOnlyOnFailureTestExecutionListener@3eb99f7, org.springframework.boot.test.autoconfigure.web.servlet.WebDriverTestExecutionListener@2885c91f, org.springframework.boot.test.mock.mockito.ResetMocksTestExecutionListener@773015a5]

  .   ____          _            __ _ _
 /\\ / ___'_ __ _ _(_)_ __  __ _ \ \ \ \
( ( )\___ | '_ | '_| | '_ \/ _` | \ \ \ \
 \\/  ___)| |_)| | | | | || (_| |  ) ) ) )
  '  |____| .__|_| |_|_| |_\__, | / / / /
 =========|_|==============|___/=/_/_/_/
 :: Spring Boot ::        (v2.1.7.RELEASE)

2020-02-25 14:10:46.073  INFO 10960 --- [    Test worker] c.y.b.s.web.IndexControllerTest          : Starting IndexControllerTest on DESKTOP-OIMMU83 with PID 10960 (started by sjm22 in C:\springboot)
2020-02-25 14:10:46.089  INFO 10960 --- [    Test worker] c.y.b.s.web.IndexControllerTest          : No active profile set, falling back to default profiles: default
2020-02-25 14:10:46.505  INFO 10960 --- [    Test worker] .s.d.r.c.RepositoryConfigurationDelegate : Bootstrapping Spring Data repositories in DEFAULT mode.
2020-02-25 14:10:46.541  INFO 10960 --- [    Test worker] .s.d.r.c.RepositoryConfigurationDelegate : Finished Spring Data repository scanning in 35ms. Found 2 repository interfaces.
2020-02-25 14:10:46.759  INFO 10960 --- [    Test worker] trationDelegate$BeanPostProcessorChecker : Bean 'org.springframework.transaction.annotation.ProxyTransactionManagementConfiguration' of type [org.springframework.transaction.annotation.ProxyTransactionManagementConfiguration$$EnhancerBySpringCGLIB$$df251a09] is not eligible for getting processed by all BeanPostProcessors (for example: not eligible for auto-proxying)
2020-02-25 14:10:47.339  INFO 10960 --- [    Test worker] o.s.b.w.embedded.tomcat.TomcatWebServer  : Tomcat initialized with port(s): 0 (http)
2020-02-25 14:10:47.417  INFO 10960 --- [    Test worker] o.apache.catalina.core.StandardService   : Starting service [Tomcat]
2020-02-25 14:10:47.417  INFO 10960 --- [    Test worker] org.apache.catalina.core.StandardEngine  : Starting Servlet engine: [Apache Tomcat/9.0.22]
2020-02-25 14:10:47.951  INFO 10960 --- [    Test worker] o.a.c.c.C.[Tomcat].[localhost].[/]       : Initializing Spring embedded WebApplicationContext
2020-02-25 14:10:47.951  INFO 10960 --- [    Test worker] o.s.web.context.ContextLoader            : Root WebApplicationContext: initialization completed in 1862 ms
2020-02-25 14:10:48.438  INFO 10960 --- [    Test worker] com.zaxxer.hikari.HikariDataSource       : HikariPool-2 - Starting...
2020-02-25 14:10:48.438  INFO 10960 --- [    Test worker] com.zaxxer.hikari.HikariDataSource       : HikariPool-2 - Start completed.
2020-02-25 14:10:48.516  INFO 10960 --- [    Test worker] o.hibernate.jpa.internal.util.LogHelper  : HHH000204: Processing PersistenceUnitInfo [
	name: default
	...]
2020-02-25 14:10:48.531  INFO 10960 --- [    Test worker] org.hibernate.dialect.Dialect            : HHH000400: Using dialect: org.hibernate.dialect.MySQL5InnoDBDialect
Hibernate: drop table if exists posts
Hibernate: drop table if exists user
Hibernate: create table posts (id bigint not null auto_increment, created_date datetime, modified_date datetime, author varchar(255), content TEXT not null, title varchar(500) not null, primary key (id)) engine=InnoDB
Hibernate: create table user (id bigint not null auto_increment, email varchar(255) not null, name varchar(255) not null, picture varchar(255) not null, role varchar(255) not null, primary key (id)) engine=InnoDB
2020-02-25 14:10:48.658  INFO 10960 --- [    Test worker] o.h.t.schema.internal.SchemaCreatorImpl  : HHH000476: Executing import script 'org.hibernate.tool.schema.internal.exec.ScriptSourceInputNonExistentImpl@355f9045'
2020-02-25 14:10:48.658  INFO 10960 --- [    Test worker] j.LocalContainerEntityManagerFactoryBean : Initialized JPA EntityManagerFactory for persistence unit 'default'
2020-02-25 14:10:49.900  INFO 10960 --- [    Test worker] o.h.h.i.QueryTranslatorFactoryInitiator  : HHH000397: Using ASTQueryTranslatorFactory
2020-02-25 14:10:50.729  INFO 10960 --- [    Test worker] o.s.s.web.DefaultSecurityFilterChain     : Creating filter chain: any request, [org.springframework.security.web.context.request.async.WebAsyncManagerIntegrationFilter@2b93b563, org.springframework.security.web.context.SecurityContextPersistenceFilter@175f42c5, org.springframework.security.web.header.HeaderWriterFilter@604fe659, org.springframework.security.web.authentication.logout.LogoutFilter@708deb72, org.springframework.security.oauth2.client.web.OAuth2AuthorizationRequestRedirectFilter@549061c9, org.springframework.security.oauth2.client.web.OAuth2LoginAuthenticationFilter@69725489, org.springframework.security.web.authentication.ui.DefaultLoginPageGeneratingFilter@1da9db68, org.springframework.security.web.authentication.ui.DefaultLogoutPageGeneratingFilter@281e1d8f, org.springframework.security.web.savedrequest.RequestCacheAwareFilter@56fbd492, org.springframework.security.web.servletapi.SecurityContextHolderAwareRequestFilter@49998d3a, org.springframework.security.web.authentication.AnonymousAuthenticationFilter@7fd7bf6c, org.springframework.security.web.session.SessionManagementFilter@7ba6bda, org.springframework.security.web.access.ExceptionTranslationFilter@392f095d, org.springframework.security.web.access.intercept.FilterSecurityInterceptor@39574b3d]
2020-02-25 14:10:51.715  INFO 10960 --- [    Test worker] o.s.s.concurrent.ThreadPoolTaskExecutor  : Initializing ExecutorService 'applicationTaskExecutor'
2020-02-25 14:10:51.778  WARN 10960 --- [    Test worker] aWebConfiguration$JpaWebMvcConfiguration : spring.jpa.open-in-view is enabled by default. Therefore, database queries may be performed during view rendering. Explicitly configure spring.jpa.open-in-view to disable this warning
2020-02-25 14:10:52.016  INFO 10960 --- [    Test worker] o.s.b.a.w.s.WelcomePageHandlerMapping    : Adding welcome page template: index
2020-02-25 14:10:53.085  INFO 10960 --- [    Test worker] s.a.ScheduledAnnotationBeanPostProcessor : No TaskScheduler/ScheduledExecutorService bean found for scheduled processing
2020-02-25 14:10:53.147  INFO 10960 --- [    Test worker] o.s.b.w.embedded.tomcat.TomcatWebServer  : Tomcat started on port(s): 51063 (http) with context path ''
2020-02-25 14:10:53.147  INFO 10960 --- [    Test worker] c.y.b.s.web.IndexControllerTest          : Started IndexControllerTest in 7.142 seconds (JVM running for 34.846)
2020-02-25 14:10:53.409  INFO 10960 --- [o-auto-1-exec-1] o.a.c.c.C.[Tomcat].[localhost].[/]       : Initializing Spring DispatcherServlet 'dispatcherServlet'
2020-02-25 14:10:53.409  INFO 10960 --- [o-auto-1-exec-1] o.s.web.servlet.DispatcherServlet        : Initializing Servlet 'dispatcherServlet'
2020-02-25 14:10:53.443  INFO 10960 --- [o-auto-1-exec-1] o.s.web.servlet.DispatcherServlet        : Completed initialization in 34 ms
Hibernate: select posts0_.id as id1_0_, posts0_.created_date as created_2_0_, posts0_.modified_date as modified3_0_, posts0_.author as author4_0_, posts0_.content as content5_0_, posts0_.title as title6_0_ from posts posts0_ order by posts0_.id DESC
]]></system-out>
  <system-err><![CDATA[]]></system-err>
</testsuite>
