<?xml version="1.0" encoding="UTF-8"?>
<testsuite name="com.yjeom.book.springboot.web.HelloControllerTest" tests="2" skipped="0" failures="0" errors="0" timestamp="2020-02-25T05:10:45" hostname="DESKTOP-OIMMU83" time="0.556">
  <properties/>
  <testcase name="hello가_리턴된다" classname="com.yjeom.book.springboot.web.HelloControllerTest" time="0.259"/>
  <testcase name="helloDto가_리턴된다" classname="com.yjeom.book.springboot.web.HelloControllerTest" time="0.295"/>
  <system-out><![CDATA[2020-02-25 14:10:41.331  INFO 10960 --- [    Test worker] .b.t.a.w.s.WebMvcTestContextBootstrapper : Neither @ContextConfiguration nor @ContextHierarchy found for test class [com.yjeom.book.springboot.web.HelloControllerTest], using SpringBootContextLoader
2020-02-25 14:10:41.331  INFO 10960 --- [    Test worker] o.s.t.c.support.AbstractContextLoader    : Could not detect default resource locations for test class [com.yjeom.book.springboot.web.HelloControllerTest]: no resource found for suffixes {-context.xml, Context.groovy}.
2020-02-25 14:10:41.331  INFO 10960 --- [    Test worker] t.c.s.AnnotationConfigContextLoaderUtils : Could not detect default configuration classes for test class [com.yjeom.book.springboot.web.HelloControllerTest]: HelloControllerTest does not declare any static, non-private, non-final, nested classes annotated with @Configuration.
2020-02-25 14:10:41.706  INFO 10960 --- [    Test worker] .b.t.c.SpringBootTestContextBootstrapper : Found @SpringBootConfiguration com.yjeom.book.springboot.Application for test class com.yjeom.book.springboot.web.HelloControllerTest
2020-02-25 14:10:41.706  INFO 10960 --- [    Test worker] .b.t.a.w.s.WebMvcTestContextBootstrapper : Loaded default TestExecutionListener class names from location [META-INF/spring.factories]: [org.springframework.security.test.context.support.WithSecurityContextTestExecutionListener, org.springframework.security.test.context.support.ReactorContextTestExecutionListener, org.springframework.boot.test.autoconfigure.restdocs.RestDocsTestExecutionListener, org.springframework.boot.test.autoconfigure.web.client.MockRestServiceServerResetTestExecutionListener, org.springframework.boot.test.autoconfigure.web.servlet.MockMvcPrintOnlyOnFailureTestExecutionListener, org.springframework.boot.test.autoconfigure.web.servlet.WebDriverTestExecutionListener, org.springframework.boot.test.mock.mockito.MockitoTestExecutionListener, org.springframework.boot.test.mock.mockito.ResetMocksTestExecutionListener, org.springframework.test.context.web.ServletTestExecutionListener, org.springframework.test.context.support.DirtiesContextBeforeModesTestExecutionListener, org.springframework.test.context.support.DependencyInjectionTestExecutionListener, org.springframework.test.context.support.DirtiesContextTestExecutionListener, org.springframework.test.context.transaction.TransactionalTestExecutionListener, org.springframework.test.context.jdbc.SqlScriptsTestExecutionListener]
2020-02-25 14:10:41.706  INFO 10960 --- [    Test worker] .b.t.a.w.s.WebMvcTestContextBootstrapper : Using TestExecutionListeners: [org.springframework.test.context.web.ServletTestExecutionListener@4a6c4bd9, org.springframework.test.context.support.DirtiesContextBeforeModesTestExecutionListener@34a554f6, org.springframework.boot.test.mock.mockito.MockitoTestExecutionListener@6e258f43, org.springframework.boot.test.autoconfigure.SpringBootDependencyInjectionTestExecutionListener@602ded46, org.springframework.test.context.support.DirtiesContextTestExecutionListener@48b75019, org.springframework.test.context.transaction.TransactionalTestExecutionListener@562baf1d, org.springframework.test.context.jdbc.SqlScriptsTestExecutionListener@14366d0c, org.springframework.security.test.context.support.WithSecurityContextTestExecutionListener@1b7ef511, org.springframework.security.test.context.support.ReactorContextTestExecutionListener@693b59ff, org.springframework.boot.test.autoconfigure.restdocs.RestDocsTestExecutionListener@62634082, org.springframework.boot.test.autoconfigure.web.client.MockRestServiceServerResetTestExecutionListener@459a1fcf, org.springframework.boot.test.autoconfigure.web.servlet.MockMvcPrintOnlyOnFailureTestExecutionListener@29a0ac10, org.springframework.boot.test.autoconfigure.web.servlet.WebDriverTestExecutionListener@1ae7fc7a, org.springframework.boot.test.mock.mockito.ResetMocksTestExecutionListener@62f8d8f4]

  .   ____          _            __ _ _
 /\\ / ___'_ __ _ _(_)_ __  __ _ \ \ \ \
( ( )\___ | '_ | '_| | '_ \/ _` | \ \ \ \
 \\/  ___)| |_)| | | | | || (_| |  ) ) ) )
  '  |____| .__|_| |_|_| |_\__, | / / / /
 =========|_|==============|___/=/_/_/_/
 :: Spring Boot ::        (v2.1.7.RELEASE)

2020-02-25 14:10:41.968  INFO 10960 --- [    Test worker] c.y.b.s.web.HelloControllerTest          : Starting HelloControllerTest on DESKTOP-OIMMU83 with PID 10960 (started by sjm22 in C:\springboot)
2020-02-25 14:10:41.999  INFO 10960 --- [    Test worker] c.y.b.s.web.HelloControllerTest          : No active profile set, falling back to default profiles: default
2020-02-25 14:10:44.030  INFO 10960 --- [    Test worker] o.s.s.concurrent.ThreadPoolTaskExecutor  : Initializing ExecutorService 'applicationTaskExecutor'
2020-02-25 14:10:44.186  INFO 10960 --- [    Test worker] o.s.b.a.w.s.WelcomePageHandlerMapping    : Adding welcome page template: index
2020-02-25 14:10:44.833  INFO 10960 --- [    Test worker] .s.s.UserDetailsServiceAutoConfiguration : 

Using generated security password: 6b19ce6c-cd7d-4c28-adec-6b3d4fd1bdb1

2020-02-25 14:10:45.129  INFO 10960 --- [    Test worker] o.s.s.web.DefaultSecurityFilterChain     : Creating filter chain: any request, [org.springframework.security.web.context.request.async.WebAsyncManagerIntegrationFilter@2bb1e8da, org.springframework.security.web.context.SecurityContextPersistenceFilter@31bd529e, org.springframework.security.web.header.HeaderWriterFilter@5c6a9de2, org.springframework.security.web.csrf.CsrfFilter@75d5b226, org.springframework.security.web.authentication.logout.LogoutFilter@2861bb07, org.springframework.security.web.authentication.UsernamePasswordAuthenticationFilter@47b02ed7, org.springframework.security.web.authentication.ui.DefaultLoginPageGeneratingFilter@13906286, org.springframework.security.web.authentication.ui.DefaultLogoutPageGeneratingFilter@d8f5fd4, org.springframework.security.web.authentication.www.BasicAuthenticationFilter@154ef0ea, org.springframework.security.web.savedrequest.RequestCacheAwareFilter@2ddb133b, org.springframework.security.web.servletapi.SecurityContextHolderAwareRequestFilter@25d60eef, org.springframework.security.web.authentication.AnonymousAuthenticationFilter@6fa4272f, org.springframework.security.web.session.SessionManagementFilter@47640cb, org.springframework.security.web.access.ExceptionTranslationFilter@2d3c52f, org.springframework.security.web.access.intercept.FilterSecurityInterceptor@5490870a]
2020-02-25 14:10:45.239  INFO 10960 --- [    Test worker] o.s.b.t.m.w.SpringBootMockServletContext : Initializing Spring TestDispatcherServlet ''
2020-02-25 14:10:45.239  INFO 10960 --- [    Test worker] o.s.t.web.servlet.TestDispatcherServlet  : Initializing Servlet ''
2020-02-25 14:10:45.286  INFO 10960 --- [    Test worker] o.s.t.web.servlet.TestDispatcherServlet  : Completed initialization in 47 ms
2020-02-25 14:10:45.395  INFO 10960 --- [    Test worker] c.y.b.s.web.HelloControllerTest          : Started HelloControllerTest in 3.689 seconds (JVM running for 27.093)
]]></system-out>
  <system-err><![CDATA[]]></system-err>
</testsuite>
