<?xml version="1.0" encoding="UTF-8"?>
<testsuite name="com.yjeom.book.springboot.domain.posts.PostsRepositoryTest" tests="2" skipped="0" failures="0" errors="0" timestamp="2020-02-25T05:10:40" hostname="DESKTOP-OIMMU83" time="1.171">
  <properties/>
  <testcase name="게시글저장_불러오기" classname="com.yjeom.book.springboot.domain.posts.PostsRepositoryTest" time="1.15"/>
  <testcase name="BaseTimeEntity_등록" classname="com.yjeom.book.springboot.domain.posts.PostsRepositoryTest" time="0.02"/>
  <system-out><![CDATA[14:10:21.112 [Test worker] DEBUG org.springframework.test.context.junit4.SpringJUnit4ClassRunner - SpringJUnit4ClassRunner constructor called with [class com.yjeom.book.springboot.domain.posts.PostsRepositoryTest]
14:10:21.143 [Test worker] DEBUG org.springframework.test.context.BootstrapUtils - Instantiating CacheAwareContextLoaderDelegate from class [org.springframework.test.context.cache.DefaultCacheAwareContextLoaderDelegate]
14:10:21.174 [Test worker] DEBUG org.springframework.test.context.BootstrapUtils - Instantiating BootstrapContext using constructor [public org.springframework.test.context.support.DefaultBootstrapContext(java.lang.Class,org.springframework.test.context.CacheAwareContextLoaderDelegate)]
14:10:21.283 [Test worker] DEBUG org.springframework.test.context.BootstrapUtils - Instantiating TestContextBootstrapper for test class [com.yjeom.book.springboot.domain.posts.PostsRepositoryTest] from class [org.springframework.boot.test.context.SpringBootTestContextBootstrapper]
14:10:21.315 [Test worker] INFO org.springframework.boot.test.context.SpringBootTestContextBootstrapper - Neither @ContextConfiguration nor @ContextHierarchy found for test class [com.yjeom.book.springboot.domain.posts.PostsRepositoryTest], using SpringBootContextLoader
14:10:21.330 [Test worker] DEBUG org.springframework.test.context.support.AbstractContextLoader - Did not detect default resource location for test class [com.yjeom.book.springboot.domain.posts.PostsRepositoryTest]: class path resource [com/yjeom/book/springboot/domain/posts/PostsRepositoryTest-context.xml] does not exist
14:10:21.346 [Test worker] DEBUG org.springframework.test.context.support.AbstractContextLoader - Did not detect default resource location for test class [com.yjeom.book.springboot.domain.posts.PostsRepositoryTest]: class path resource [com/yjeom/book/springboot/domain/posts/PostsRepositoryTestContext.groovy] does not exist
14:10:21.346 [Test worker] INFO org.springframework.test.context.support.AbstractContextLoader - Could not detect default resource locations for test class [com.yjeom.book.springboot.domain.posts.PostsRepositoryTest]: no resource found for suffixes {-context.xml, Context.groovy}.
14:10:21.346 [Test worker] INFO org.springframework.test.context.support.AnnotationConfigContextLoaderUtils - Could not detect default configuration classes for test class [com.yjeom.book.springboot.domain.posts.PostsRepositoryTest]: PostsRepositoryTest does not declare any static, non-private, non-final, nested classes annotated with @Configuration.
14:10:21.486 [Test worker] DEBUG org.springframework.test.context.support.ActiveProfilesUtils - Could not find an 'annotation declaring class' for annotation type [org.springframework.test.context.ActiveProfiles] and class [com.yjeom.book.springboot.domain.posts.PostsRepositoryTest]
14:10:21.723 [Test worker] DEBUG org.springframework.context.annotation.ClassPathScanningCandidateComponentProvider - Identified candidate component class: file [C:\springboot\build\classes\java\main\com\yjeom\book\springboot\Application.class]
14:10:21.723 [Test worker] INFO org.springframework.boot.test.context.SpringBootTestContextBootstrapper - Found @SpringBootConfiguration com.yjeom.book.springboot.Application for test class com.yjeom.book.springboot.domain.posts.PostsRepositoryTest
14:10:22.067 [Test worker] DEBUG org.springframework.boot.test.context.SpringBootTestContextBootstrapper - @TestExecutionListeners is not present for class [com.yjeom.book.springboot.domain.posts.PostsRepositoryTest]: using defaults.
14:10:22.067 [Test worker] INFO org.springframework.boot.test.context.SpringBootTestContextBootstrapper - Loaded default TestExecutionListener class names from location [META-INF/spring.factories]: [org.springframework.security.test.context.support.WithSecurityContextTestExecutionListener, org.springframework.security.test.context.support.ReactorContextTestExecutionListener, org.springframework.boot.test.autoconfigure.restdocs.RestDocsTestExecutionListener, org.springframework.boot.test.autoconfigure.web.client.MockRestServiceServerResetTestExecutionListener, org.springframework.boot.test.autoconfigure.web.servlet.MockMvcPrintOnlyOnFailureTestExecutionListener, org.springframework.boot.test.autoconfigure.web.servlet.WebDriverTestExecutionListener, org.springframework.boot.test.mock.mockito.MockitoTestExecutionListener, org.springframework.boot.test.mock.mockito.ResetMocksTestExecutionListener, org.springframework.test.context.web.ServletTestExecutionListener, org.springframework.test.context.support.DirtiesContextBeforeModesTestExecutionListener, org.springframework.test.context.support.DependencyInjectionTestExecutionListener, org.springframework.test.context.support.DirtiesContextTestExecutionListener, org.springframework.test.context.transaction.TransactionalTestExecutionListener, org.springframework.test.context.jdbc.SqlScriptsTestExecutionListener]
14:10:22.122 [Test worker] INFO org.springframework.boot.test.context.SpringBootTestContextBootstrapper - Using TestExecutionListeners: [org.springframework.test.context.web.ServletTestExecutionListener@1c0573c5, org.springframework.test.context.support.DirtiesContextBeforeModesTestExecutionListener@78e0aaaa, org.springframework.boot.test.mock.mockito.MockitoTestExecutionListener@314b3832, org.springframework.boot.test.autoconfigure.SpringBootDependencyInjectionTestExecutionListener@1e3f73b5, org.springframework.test.context.support.DirtiesContextTestExecutionListener@2993a0ec, org.springframework.test.context.transaction.TransactionalTestExecutionListener@54dbfa8e, org.springframework.test.context.jdbc.SqlScriptsTestExecutionListener@3cb9d28f, org.springframework.security.test.context.support.WithSecurityContextTestExecutionListener@597ebc76, org.springframework.security.test.context.support.ReactorContextTestExecutionListener@6ddef375, org.springframework.boot.test.autoconfigure.restdocs.RestDocsTestExecutionListener@665a6bca, org.springframework.boot.test.autoconfigure.web.client.MockRestServiceServerResetTestExecutionListener@1405e024, org.springframework.boot.test.autoconfigure.web.servlet.MockMvcPrintOnlyOnFailureTestExecutionListener@38b473de, org.springframework.boot.test.autoconfigure.web.servlet.WebDriverTestExecutionListener@22eb6ae6, org.springframework.boot.test.mock.mockito.ResetMocksTestExecutionListener@175a514a]
14:10:22.130 [Test worker] DEBUG org.springframework.test.annotation.ProfileValueUtils - Retrieved @ProfileValueSourceConfiguration [null] for test class [com.yjeom.book.springboot.domain.posts.PostsRepositoryTest]
14:10:22.131 [Test worker] DEBUG org.springframework.test.annotation.ProfileValueUtils - Retrieved ProfileValueSource type [class org.springframework.test.annotation.SystemProfileValueSource] for class [com.yjeom.book.springboot.domain.posts.PostsRepositoryTest]
14:10:22.133 [Test worker] DEBUG org.springframework.test.annotation.ProfileValueUtils - Retrieved @ProfileValueSourceConfiguration [null] for test class [com.yjeom.book.springboot.domain.posts.PostsRepositoryTest]
14:10:22.133 [Test worker] DEBUG org.springframework.test.annotation.ProfileValueUtils - Retrieved ProfileValueSource type [class org.springframework.test.annotation.SystemProfileValueSource] for class [com.yjeom.book.springboot.domain.posts.PostsRepositoryTest]
14:10:22.148 [Test worker] DEBUG org.springframework.test.context.support.AbstractDirtiesContextTestExecutionListener - Before test class: context [DefaultTestContext@2f2659cb testClass = PostsRepositoryTest, testInstance = [null], testMethod = [null], testException = [null], mergedContextConfiguration = [WebMergedContextConfiguration@3f8b4168 testClass = PostsRepositoryTest, locations = '{}', classes = '{class com.yjeom.book.springboot.Application}', contextInitializerClasses = '[]', activeProfiles = '{}', propertySourceLocations = '{}', propertySourceProperties = '{org.springframework.boot.test.context.SpringBootTestContextBootstrapper=true}', contextCustomizers = set[org.springframework.boot.test.autoconfigure.properties.PropertyMappingContextCustomizer@0, org.springframework.boot.test.autoconfigure.web.servlet.WebDriverContextCustomizerFactory$Customizer@4b30f58c, org.springframework.boot.test.context.filter.ExcludeFilterContextCustomizer@6c0baf56, org.springframework.boot.test.json.DuplicateJsonObjectContextCustomizerFactory$DuplicateJsonObjectContextCustomizer@27bf16e5, org.springframework.boot.test.mock.mockito.MockitoContextCustomizer@0, org.springframework.boot.test.web.client.TestRestTemplateContextCustomizer@30b8bc15], resourceBasePath = 'src/main/webapp', contextLoader = 'org.springframework.boot.test.context.SpringBootContextLoader', parent = [null]], attributes = map['org.springframework.test.context.web.ServletTestExecutionListener.activateListener' -> true]], class annotated with @DirtiesContext [false] with mode [null].
14:10:22.148 [Test worker] DEBUG org.springframework.test.annotation.ProfileValueUtils - Retrieved @ProfileValueSourceConfiguration [null] for test class [com.yjeom.book.springboot.domain.posts.PostsRepositoryTest]
14:10:22.163 [Test worker] DEBUG org.springframework.test.annotation.ProfileValueUtils - Retrieved ProfileValueSource type [class org.springframework.test.annotation.SystemProfileValueSource] for class [com.yjeom.book.springboot.domain.posts.PostsRepositoryTest]
14:10:22.226 [Test worker] DEBUG org.springframework.test.context.support.TestPropertySourceUtils - Adding inlined properties to environment: {spring.jmx.enabled=false, org.springframework.boot.test.context.SpringBootTestContextBootstrapper=true, server.port=-1}

  .   ____          _            __ _ _
 /\\ / ___'_ __ _ _(_)_ __  __ _ \ \ \ \
( ( )\___ | '_ | '_| | '_ \/ _` | \ \ \ \
 \\/  ___)| |_)| | | | | || (_| |  ) ) ) )
  '  |____| .__|_| |_|_| |_\__, | / / / /
 =========|_|==============|___/=/_/_/_/
 :: Spring Boot ::        (v2.1.7.RELEASE)

2020-02-25 14:10:23.137  INFO 10960 --- [    Test worker] c.y.b.s.d.posts.PostsRepositoryTest      : Starting PostsRepositoryTest on DESKTOP-OIMMU83 with PID 10960 (started by sjm22 in C:\springboot)
2020-02-25 14:10:23.152  INFO 10960 --- [    Test worker] c.y.b.s.d.posts.PostsRepositoryTest      : No active profile set, falling back to default profiles: default
2020-02-25 14:10:26.558  INFO 10960 --- [    Test worker] .s.d.r.c.RepositoryConfigurationDelegate : Bootstrapping Spring Data repositories in DEFAULT mode.
2020-02-25 14:10:26.792  INFO 10960 --- [    Test worker] .s.d.r.c.RepositoryConfigurationDelegate : Finished Spring Data repository scanning in 203ms. Found 2 repository interfaces.
2020-02-25 14:10:28.736  INFO 10960 --- [    Test worker] trationDelegate$BeanPostProcessorChecker : Bean 'org.springframework.transaction.annotation.ProxyTransactionManagementConfiguration' of type [org.springframework.transaction.annotation.ProxyTransactionManagementConfiguration$$EnhancerBySpringCGLIB$$df251a09] is not eligible for getting processed by all BeanPostProcessors (for example: not eligible for auto-proxying)
2020-02-25 14:10:29.522  INFO 10960 --- [    Test worker] com.zaxxer.hikari.HikariDataSource       : HikariPool-1 - Starting...
2020-02-25 14:10:29.850  INFO 10960 --- [    Test worker] com.zaxxer.hikari.HikariDataSource       : HikariPool-1 - Start completed.
2020-02-25 14:10:30.118  INFO 10960 --- [    Test worker] o.hibernate.jpa.internal.util.LogHelper  : HHH000204: Processing PersistenceUnitInfo [
	name: default
	...]
2020-02-25 14:10:30.352  INFO 10960 --- [    Test worker] org.hibernate.Version                    : HHH000412: Hibernate Core {5.3.10.Final}
2020-02-25 14:10:30.352  INFO 10960 --- [    Test worker] org.hibernate.cfg.Environment            : HHH000206: hibernate.properties not found
2020-02-25 14:10:30.774  INFO 10960 --- [    Test worker] o.hibernate.annotations.common.Version   : HCANN000001: Hibernate Commons Annotations {5.0.4.Final}
2020-02-25 14:10:31.419  INFO 10960 --- [    Test worker] org.hibernate.dialect.Dialect            : HHH000400: Using dialect: org.hibernate.dialect.MySQL5InnoDBDialect
Hibernate: drop table if exists posts
Hibernate: drop table if exists user
Hibernate: create table posts (id bigint not null auto_increment, created_date datetime, modified_date datetime, author varchar(255), content TEXT not null, title varchar(500) not null, primary key (id)) engine=InnoDB
Hibernate: create table user (id bigint not null auto_increment, email varchar(255) not null, name varchar(255) not null, picture varchar(255) not null, role varchar(255) not null, primary key (id)) engine=InnoDB
2020-02-25 14:10:33.692  INFO 10960 --- [    Test worker] o.h.t.schema.internal.SchemaCreatorImpl  : HHH000476: Executing import script 'org.hibernate.tool.schema.internal.exec.ScriptSourceInputNonExistentImpl@355f9045'
2020-02-25 14:10:33.708  INFO 10960 --- [    Test worker] j.LocalContainerEntityManagerFactoryBean : Initialized JPA EntityManagerFactory for persistence unit 'default'
2020-02-25 14:10:35.715  INFO 10960 --- [    Test worker] o.h.h.i.QueryTranslatorFactoryInitiator  : HHH000397: Using ASTQueryTranslatorFactory
2020-02-25 14:10:37.145  INFO 10960 --- [    Test worker] o.s.s.web.DefaultSecurityFilterChain     : Creating filter chain: any request, [org.springframework.security.web.context.request.async.WebAsyncManagerIntegrationFilter@67788980, org.springframework.security.web.context.SecurityContextPersistenceFilter@285101c5, org.springframework.security.web.header.HeaderWriterFilter@5f649a3a, org.springframework.security.web.authentication.logout.LogoutFilter@77b9d302, org.springframework.security.oauth2.client.web.OAuth2AuthorizationRequestRedirectFilter@56a2c6f7, org.springframework.security.oauth2.client.web.OAuth2LoginAuthenticationFilter@41bb7cb5, org.springframework.security.web.authentication.ui.DefaultLoginPageGeneratingFilter@105670f8, org.springframework.security.web.authentication.ui.DefaultLogoutPageGeneratingFilter@128435b2, org.springframework.security.web.savedrequest.RequestCacheAwareFilter@6d50f6cf, org.springframework.security.web.servletapi.SecurityContextHolderAwareRequestFilter@2f00c4c2, org.springframework.security.web.authentication.AnonymousAuthenticationFilter@ab8d617, org.springframework.security.web.session.SessionManagementFilter@27c48b27, org.springframework.security.web.access.ExceptionTranslationFilter@f087e9e, org.springframework.security.web.access.intercept.FilterSecurityInterceptor@35cc788c]
2020-02-25 14:10:38.476  INFO 10960 --- [    Test worker] o.s.s.concurrent.ThreadPoolTaskExecutor  : Initializing ExecutorService 'applicationTaskExecutor'
2020-02-25 14:10:38.650  WARN 10960 --- [    Test worker] aWebConfiguration$JpaWebMvcConfiguration : spring.jpa.open-in-view is enabled by default. Therefore, database queries may be performed during view rendering. Explicitly configure spring.jpa.open-in-view to disable this warning
2020-02-25 14:10:38.791  INFO 10960 --- [    Test worker] o.s.b.a.w.s.WelcomePageHandlerMapping    : Adding welcome page template: index
2020-02-25 14:10:39.982  INFO 10960 --- [    Test worker] s.a.ScheduledAnnotationBeanPostProcessor : No TaskScheduler/ScheduledExecutorService bean found for scheduled processing
2020-02-25 14:10:40.028  INFO 10960 --- [    Test worker] c.y.b.s.d.posts.PostsRepositoryTest      : Started PostsRepositoryTest in 17.772 seconds (JVM running for 21.733)
Hibernate: insert into posts (created_date, modified_date, author, content, title) values (?, ?, ?, ?, ?)
Hibernate: select posts0_.id as id1_0_, posts0_.created_date as created_2_0_, posts0_.modified_date as modified3_0_, posts0_.author as author4_0_, posts0_.content as content5_0_, posts0_.title as title6_0_ from posts posts0_
Hibernate: select posts0_.id as id1_0_, posts0_.created_date as created_2_0_, posts0_.modified_date as modified3_0_, posts0_.author as author4_0_, posts0_.content as content5_0_, posts0_.title as title6_0_ from posts posts0_
Hibernate: delete from posts where id=?
Hibernate: insert into posts (created_date, modified_date, author, content, title) values (?, ?, ?, ?, ?)
Hibernate: select posts0_.id as id1_0_, posts0_.created_date as created_2_0_, posts0_.modified_date as modified3_0_, posts0_.author as author4_0_, posts0_.content as content5_0_, posts0_.title as title6_0_ from posts posts0_
>>>createDate=2020-02-25T14:10:41.252, modifiedDate=2020-02-25T14:10:41.252
Hibernate: select posts0_.id as id1_0_, posts0_.created_date as created_2_0_, posts0_.modified_date as modified3_0_, posts0_.author as author4_0_, posts0_.content as content5_0_, posts0_.title as title6_0_ from posts posts0_
Hibernate: delete from posts where id=?
]]></system-out>
  <system-err><![CDATA[]]></system-err>
</testsuite>
