<?xml version="1.0" encoding="UTF-8"?>
<testsuite name="com.yjeom.book.springboot.web.PostsApiControllerTest" tests="1" skipped="0" failures="0" errors="0" timestamp="2020-02-21T10:40:51" hostname="DESKTOP-OIMMU83" time="1.438">
  <properties/>
  <testcase name="Posts_등록된다" classname="com.yjeom.book.springboot.web.PostsApiControllerTest" time="1.438"/>
  <system-out><![CDATA[19:40:27.238 [Test worker] DEBUG org.springframework.test.context.junit4.SpringJUnit4ClassRunner - SpringJUnit4ClassRunner constructor called with [class com.yjeom.book.springboot.web.PostsApiControllerTest]
19:40:27.263 [Test worker] DEBUG org.springframework.test.context.BootstrapUtils - Instantiating CacheAwareContextLoaderDelegate from class [org.springframework.test.context.cache.DefaultCacheAwareContextLoaderDelegate]
19:40:27.299 [Test worker] DEBUG org.springframework.test.context.BootstrapUtils - Instantiating BootstrapContext using constructor [public org.springframework.test.context.support.DefaultBootstrapContext(java.lang.Class,org.springframework.test.context.CacheAwareContextLoaderDelegate)]
19:40:27.342 [Test worker] DEBUG org.springframework.test.context.BootstrapUtils - Instantiating TestContextBootstrapper for test class [com.yjeom.book.springboot.web.PostsApiControllerTest] from class [org.springframework.boot.test.context.SpringBootTestContextBootstrapper]
19:40:27.366 [Test worker] INFO org.springframework.boot.test.context.SpringBootTestContextBootstrapper - Neither @ContextConfiguration nor @ContextHierarchy found for test class [com.yjeom.book.springboot.web.PostsApiControllerTest], using SpringBootContextLoader
19:40:27.377 [Test worker] DEBUG org.springframework.test.context.support.AbstractContextLoader - Did not detect default resource location for test class [com.yjeom.book.springboot.web.PostsApiControllerTest]: class path resource [com/yjeom/book/springboot/web/PostsApiControllerTest-context.xml] does not exist
19:40:27.378 [Test worker] DEBUG org.springframework.test.context.support.AbstractContextLoader - Did not detect default resource location for test class [com.yjeom.book.springboot.web.PostsApiControllerTest]: class path resource [com/yjeom/book/springboot/web/PostsApiControllerTestContext.groovy] does not exist
19:40:27.379 [Test worker] INFO org.springframework.test.context.support.AbstractContextLoader - Could not detect default resource locations for test class [com.yjeom.book.springboot.web.PostsApiControllerTest]: no resource found for suffixes {-context.xml, Context.groovy}.
19:40:27.382 [Test worker] INFO org.springframework.test.context.support.AnnotationConfigContextLoaderUtils - Could not detect default configuration classes for test class [com.yjeom.book.springboot.web.PostsApiControllerTest]: PostsApiControllerTest does not declare any static, non-private, non-final, nested classes annotated with @Configuration.
19:40:27.512 [Test worker] DEBUG org.springframework.test.context.support.ActiveProfilesUtils - Could not find an 'annotation declaring class' for annotation type [org.springframework.test.context.ActiveProfiles] and class [com.yjeom.book.springboot.web.PostsApiControllerTest]
19:40:27.741 [Test worker] DEBUG org.springframework.context.annotation.ClassPathScanningCandidateComponentProvider - Identified candidate component class: file [C:\springboot\build\classes\java\main\com\yjeom\book\springboot\Application.class]
19:40:27.744 [Test worker] INFO org.springframework.boot.test.context.SpringBootTestContextBootstrapper - Found @SpringBootConfiguration com.yjeom.book.springboot.Application for test class com.yjeom.book.springboot.web.PostsApiControllerTest
19:40:28.000 [Test worker] DEBUG org.springframework.boot.test.context.SpringBootTestContextBootstrapper - @TestExecutionListeners is not present for class [com.yjeom.book.springboot.web.PostsApiControllerTest]: using defaults.
19:40:28.000 [Test worker] INFO org.springframework.boot.test.context.SpringBootTestContextBootstrapper - Loaded default TestExecutionListener class names from location [META-INF/spring.factories]: [org.springframework.security.test.context.support.WithSecurityContextTestExecutionListener, org.springframework.security.test.context.support.ReactorContextTestExecutionListener, org.springframework.boot.test.autoconfigure.restdocs.RestDocsTestExecutionListener, org.springframework.boot.test.autoconfigure.web.client.MockRestServiceServerResetTestExecutionListener, org.springframework.boot.test.autoconfigure.web.servlet.MockMvcPrintOnlyOnFailureTestExecutionListener, org.springframework.boot.test.autoconfigure.web.servlet.WebDriverTestExecutionListener, org.springframework.boot.test.mock.mockito.MockitoTestExecutionListener, org.springframework.boot.test.mock.mockito.ResetMocksTestExecutionListener, org.springframework.test.context.web.ServletTestExecutionListener, org.springframework.test.context.support.DirtiesContextBeforeModesTestExecutionListener, org.springframework.test.context.support.DependencyInjectionTestExecutionListener, org.springframework.test.context.support.DirtiesContextTestExecutionListener, org.springframework.test.context.transaction.TransactionalTestExecutionListener, org.springframework.test.context.jdbc.SqlScriptsTestExecutionListener]
19:40:28.078 [Test worker] INFO org.springframework.boot.test.context.SpringBootTestContextBootstrapper - Using TestExecutionListeners: [org.springframework.test.context.web.ServletTestExecutionListener@109ec106, org.springframework.test.context.support.DirtiesContextBeforeModesTestExecutionListener@77dba3fb, org.springframework.boot.test.mock.mockito.MockitoTestExecutionListener@7f070896, org.springframework.boot.test.autoconfigure.SpringBootDependencyInjectionTestExecutionListener@5bee4b0c, org.springframework.test.context.support.DirtiesContextTestExecutionListener@3d1e3786, org.springframework.test.context.transaction.TransactionalTestExecutionListener@17709fa5, org.springframework.test.context.jdbc.SqlScriptsTestExecutionListener@50746665, org.springframework.security.test.context.support.WithSecurityContextTestExecutionListener@796bf14c, org.springframework.security.test.context.support.ReactorContextTestExecutionListener@35854be0, org.springframework.boot.test.autoconfigure.restdocs.RestDocsTestExecutionListener@269b6742, org.springframework.boot.test.autoconfigure.web.client.MockRestServiceServerResetTestExecutionListener@552f6aba, org.springframework.boot.test.autoconfigure.web.servlet.MockMvcPrintOnlyOnFailureTestExecutionListener@736800c2, org.springframework.boot.test.autoconfigure.web.servlet.WebDriverTestExecutionListener@6c2d9f04, org.springframework.boot.test.mock.mockito.ResetMocksTestExecutionListener@117154b4]
19:40:28.078 [Test worker] DEBUG org.springframework.test.annotation.ProfileValueUtils - Retrieved @ProfileValueSourceConfiguration [null] for test class [com.yjeom.book.springboot.web.PostsApiControllerTest]
19:40:28.078 [Test worker] DEBUG org.springframework.test.annotation.ProfileValueUtils - Retrieved ProfileValueSource type [class org.springframework.test.annotation.SystemProfileValueSource] for class [com.yjeom.book.springboot.web.PostsApiControllerTest]
19:40:28.094 [Test worker] DEBUG org.springframework.test.annotation.ProfileValueUtils - Retrieved @ProfileValueSourceConfiguration [null] for test class [com.yjeom.book.springboot.web.PostsApiControllerTest]
19:40:28.094 [Test worker] DEBUG org.springframework.test.annotation.ProfileValueUtils - Retrieved ProfileValueSource type [class org.springframework.test.annotation.SystemProfileValueSource] for class [com.yjeom.book.springboot.web.PostsApiControllerTest]
19:40:28.094 [Test worker] DEBUG org.springframework.test.annotation.ProfileValueUtils - Retrieved @ProfileValueSourceConfiguration [null] for test class [com.yjeom.book.springboot.web.PostsApiControllerTest]
19:40:28.094 [Test worker] DEBUG org.springframework.test.annotation.ProfileValueUtils - Retrieved ProfileValueSource type [class org.springframework.test.annotation.SystemProfileValueSource] for class [com.yjeom.book.springboot.web.PostsApiControllerTest]
19:40:28.109 [Test worker] DEBUG org.springframework.test.context.support.AbstractDirtiesContextTestExecutionListener - Before test class: context [DefaultTestContext@36603d6d testClass = PostsApiControllerTest, testInstance = [null], testMethod = [null], testException = [null], mergedContextConfiguration = [WebMergedContextConfiguration@209781f1 testClass = PostsApiControllerTest, locations = '{}', classes = '{class com.yjeom.book.springboot.Application}', contextInitializerClasses = '[]', activeProfiles = '{}', propertySourceLocations = '{}', propertySourceProperties = '{org.springframework.boot.test.context.SpringBootTestContextBootstrapper=true, server.port=0}', contextCustomizers = set[org.springframework.boot.test.autoconfigure.properties.PropertyMappingContextCustomizer@0, org.springframework.boot.test.autoconfigure.web.servlet.WebDriverContextCustomizerFactory$Customizer@6418b4a6, org.springframework.boot.test.context.filter.ExcludeFilterContextCustomizer@56b8bdf6, org.springframework.boot.test.json.DuplicateJsonObjectContextCustomizerFactory$DuplicateJsonObjectContextCustomizer@136d276c, org.springframework.boot.test.mock.mockito.MockitoContextCustomizer@0, org.springframework.boot.test.web.client.TestRestTemplateContextCustomizer@246a3815], resourceBasePath = 'src/main/webapp', contextLoader = 'org.springframework.boot.test.context.SpringBootContextLoader', parent = [null]], attributes = map['org.springframework.test.context.web.ServletTestExecutionListener.activateListener' -> false]], class annotated with @DirtiesContext [false] with mode [null].
19:40:28.109 [Test worker] DEBUG org.springframework.test.annotation.ProfileValueUtils - Retrieved @ProfileValueSourceConfiguration [null] for test class [com.yjeom.book.springboot.web.PostsApiControllerTest]
19:40:28.109 [Test worker] DEBUG org.springframework.test.annotation.ProfileValueUtils - Retrieved ProfileValueSource type [class org.springframework.test.annotation.SystemProfileValueSource] for class [com.yjeom.book.springboot.web.PostsApiControllerTest]
19:40:28.109 [Test worker] DEBUG org.springframework.test.context.support.DependencyInjectionTestExecutionListener - Performing dependency injection for test context [[DefaultTestContext@36603d6d testClass = PostsApiControllerTest, testInstance = com.yjeom.book.springboot.web.PostsApiControllerTest@5dc00fba, testMethod = [null], testException = [null], mergedContextConfiguration = [WebMergedContextConfiguration@209781f1 testClass = PostsApiControllerTest, locations = '{}', classes = '{class com.yjeom.book.springboot.Application}', contextInitializerClasses = '[]', activeProfiles = '{}', propertySourceLocations = '{}', propertySourceProperties = '{org.springframework.boot.test.context.SpringBootTestContextBootstrapper=true, server.port=0}', contextCustomizers = set[org.springframework.boot.test.autoconfigure.properties.PropertyMappingContextCustomizer@0, org.springframework.boot.test.autoconfigure.web.servlet.WebDriverContextCustomizerFactory$Customizer@6418b4a6, org.springframework.boot.test.context.filter.ExcludeFilterContextCustomizer@56b8bdf6, org.springframework.boot.test.json.DuplicateJsonObjectContextCustomizerFactory$DuplicateJsonObjectContextCustomizer@136d276c, org.springframework.boot.test.mock.mockito.MockitoContextCustomizer@0, org.springframework.boot.test.web.client.TestRestTemplateContextCustomizer@246a3815], resourceBasePath = 'src/main/webapp', contextLoader = 'org.springframework.boot.test.context.SpringBootContextLoader', parent = [null]], attributes = map['org.springframework.test.context.web.ServletTestExecutionListener.activateListener' -> false]]].
19:40:28.172 [Test worker] DEBUG org.springframework.test.context.support.TestPropertySourceUtils - Adding inlined properties to environment: {spring.jmx.enabled=false, org.springframework.boot.test.context.SpringBootTestContextBootstrapper=true, server.port=0}

  .   ____          _            __ _ _
 /\\ / ___'_ __ _ _(_)_ __  __ _ \ \ \ \
( ( )\___ | '_ | '_| | '_ \/ _` | \ \ \ \
 \\/  ___)| |_)| | | | | || (_| |  ) ) ) )
  '  |____| .__|_| |_|_| |_\__, | / / / /
 =========|_|==============|___/=/_/_/_/
 :: Spring Boot ::        (v2.1.7.RELEASE)

2020-02-21 19:40:29.260  INFO 19900 --- [    Test worker] c.y.b.s.web.PostsApiControllerTest       : Starting PostsApiControllerTest on DESKTOP-OIMMU83 with PID 19900 (started by sjm22 in C:\springboot)
2020-02-21 19:40:29.263  INFO 19900 --- [    Test worker] c.y.b.s.web.PostsApiControllerTest       : No active profile set, falling back to default profiles: default
2020-02-21 19:40:32.816  INFO 19900 --- [    Test worker] .s.d.r.c.RepositoryConfigurationDelegate : Bootstrapping Spring Data repositories in DEFAULT mode.
2020-02-21 19:40:33.066  INFO 19900 --- [    Test worker] .s.d.r.c.RepositoryConfigurationDelegate : Finished Spring Data repository scanning in 204ms. Found 2 repository interfaces.
2020-02-21 19:40:34.761  INFO 19900 --- [    Test worker] trationDelegate$BeanPostProcessorChecker : Bean 'org.springframework.transaction.annotation.ProxyTransactionManagementConfiguration' of type [org.springframework.transaction.annotation.ProxyTransactionManagementConfiguration$$EnhancerBySpringCGLIB$$bb4559fd] is not eligible for getting processed by all BeanPostProcessors (for example: not eligible for auto-proxying)
2020-02-21 19:40:36.374  INFO 19900 --- [    Test worker] o.s.b.w.embedded.tomcat.TomcatWebServer  : Tomcat initialized with port(s): 0 (http)
2020-02-21 19:40:36.438  INFO 19900 --- [    Test worker] o.apache.catalina.core.StandardService   : Starting service [Tomcat]
2020-02-21 19:40:36.438  INFO 19900 --- [    Test worker] org.apache.catalina.core.StandardEngine  : Starting Servlet engine: [Apache Tomcat/9.0.22]
2020-02-21 19:40:36.801  INFO 19900 --- [    Test worker] o.a.c.c.C.[Tomcat].[localhost].[/]       : Initializing Spring embedded WebApplicationContext
2020-02-21 19:40:36.802  INFO 19900 --- [    Test worker] o.s.web.context.ContextLoader            : Root WebApplicationContext: initialization completed in 7462 ms
2020-02-21 19:40:37.553  INFO 19900 --- [    Test worker] com.zaxxer.hikari.HikariDataSource       : HikariPool-1 - Starting...
2020-02-21 19:40:37.913  INFO 19900 --- [    Test worker] com.zaxxer.hikari.HikariDataSource       : HikariPool-1 - Start completed.
2020-02-21 19:40:38.229  INFO 19900 --- [    Test worker] o.hibernate.jpa.internal.util.LogHelper  : HHH000204: Processing PersistenceUnitInfo [
	name: default
	...]
2020-02-21 19:40:38.479  INFO 19900 --- [    Test worker] org.hibernate.Version                    : HHH000412: Hibernate Core {5.3.10.Final}
2020-02-21 19:40:38.495  INFO 19900 --- [    Test worker] org.hibernate.cfg.Environment            : HHH000206: hibernate.properties not found
2020-02-21 19:40:38.995  INFO 19900 --- [    Test worker] o.hibernate.annotations.common.Version   : HCANN000001: Hibernate Commons Annotations {5.0.4.Final}
2020-02-21 19:40:39.606  INFO 19900 --- [    Test worker] org.hibernate.dialect.Dialect            : HHH000400: Using dialect: org.hibernate.dialect.MySQL5InnoDBDialect
Hibernate: drop table if exists posts
Hibernate: drop table if exists user
Hibernate: create table posts (id bigint not null auto_increment, created_date datetime, modified_date datetime, author varchar(255), content TEXT not null, title varchar(500) not null, primary key (id)) engine=InnoDB
Hibernate: create table user (id bigint not null auto_increment, email varchar(255) not null, name varchar(255) not null, picture varchar(255) not null, role varchar(255) not null, primary key (id)) engine=InnoDB
2020-02-21 19:40:43.186  INFO 19900 --- [    Test worker] o.h.t.schema.internal.SchemaCreatorImpl  : HHH000476: Executing import script 'org.hibernate.tool.schema.internal.exec.ScriptSourceInputNonExistentImpl@140d3c52'
2020-02-21 19:40:43.186  INFO 19900 --- [    Test worker] j.LocalContainerEntityManagerFactoryBean : Initialized JPA EntityManagerFactory for persistence unit 'default'
2020-02-21 19:40:46.136  INFO 19900 --- [    Test worker] o.h.h.i.QueryTranslatorFactoryInitiator  : HHH000397: Using ASTQueryTranslatorFactory
2020-02-21 19:40:48.014  INFO 19900 --- [    Test worker] o.s.s.web.DefaultSecurityFilterChain     : Creating filter chain: any request, [org.springframework.security.web.context.request.async.WebAsyncManagerIntegrationFilter@287547f3, org.springframework.security.web.context.SecurityContextPersistenceFilter@32edc1b7, org.springframework.security.web.header.HeaderWriterFilter@300b4b9, org.springframework.security.web.authentication.logout.LogoutFilter@5eaf1309, org.springframework.security.oauth2.client.web.OAuth2AuthorizationRequestRedirectFilter@d24a1b6, org.springframework.security.oauth2.client.web.OAuth2LoginAuthenticationFilter@34bd0adc, org.springframework.security.web.authentication.ui.DefaultLoginPageGeneratingFilter@5cf51bc0, org.springframework.security.web.authentication.ui.DefaultLogoutPageGeneratingFilter@11a77c98, org.springframework.security.web.savedrequest.RequestCacheAwareFilter@39d810b5, org.springframework.security.web.servletapi.SecurityContextHolderAwareRequestFilter@36310c4a, org.springframework.security.web.authentication.AnonymousAuthenticationFilter@3861ceb1, org.springframework.security.web.session.SessionManagementFilter@77dc3a5, org.springframework.security.web.access.ExceptionTranslationFilter@53745a51, org.springframework.security.web.access.intercept.FilterSecurityInterceptor@4ba6a78]
2020-02-21 19:40:49.710  INFO 19900 --- [    Test worker] o.s.s.concurrent.ThreadPoolTaskExecutor  : Initializing ExecutorService 'applicationTaskExecutor'
2020-02-21 19:40:50.038  WARN 19900 --- [    Test worker] aWebConfiguration$JpaWebMvcConfiguration : spring.jpa.open-in-view is enabled by default. Therefore, database queries may be performed during view rendering. Explicitly configure spring.jpa.open-in-view to disable this warning
2020-02-21 19:40:50.228  INFO 19900 --- [    Test worker] o.s.b.a.w.s.WelcomePageHandlerMapping    : Adding welcome page template: index
2020-02-21 19:40:51.715  INFO 19900 --- [    Test worker] s.a.ScheduledAnnotationBeanPostProcessor : No TaskScheduler/ScheduledExecutorService bean found for scheduled processing
2020-02-21 19:40:51.823  INFO 19900 --- [    Test worker] o.s.b.w.embedded.tomcat.TomcatWebServer  : Tomcat started on port(s): 58713 (http) with context path ''
2020-02-21 19:40:51.828  INFO 19900 --- [    Test worker] c.y.b.s.web.PostsApiControllerTest       : Started PostsApiControllerTest in 23.64 seconds (JVM running for 27.505)
2020-02-21 19:40:52.131  INFO 19900 --- [    Test worker] o.a.c.c.C.[Tomcat].[localhost].[/]       : Initializing Spring TestDispatcherServlet ''
2020-02-21 19:40:52.132  INFO 19900 --- [    Test worker] o.s.t.web.servlet.TestDispatcherServlet  : Initializing Servlet ''
2020-02-21 19:40:52.286  INFO 19900 --- [    Test worker] o.s.t.web.servlet.TestDispatcherServlet  : Completed initialization in 154 ms
Hibernate: insert into posts (created_date, modified_date, author, content, title) values (?, ?, ?, ?, ?)
Hibernate: select posts0_.id as id1_0_, posts0_.created_date as created_2_0_, posts0_.modified_date as modified3_0_, posts0_.author as author4_0_, posts0_.content as content5_0_, posts0_.title as title6_0_ from posts posts0_
Hibernate: select posts0_.id as id1_0_, posts0_.created_date as created_2_0_, posts0_.modified_date as modified3_0_, posts0_.author as author4_0_, posts0_.content as content5_0_, posts0_.title as title6_0_ from posts posts0_
Hibernate: delete from posts where id=?
]]></system-out>
  <system-err><![CDATA[]]></system-err>
</testsuite>
